<?xml version="1.0" encoding="UTF-8"?>
<!-- Generated by org.testng.reporters.JUnitReportReporter -->
<testsuite hostname="LAPTOP-RS4KINJ1" failures="0" tests="1" name="com.testautomation.TestRunner.TestRunner" time="48.580" errors="0" timestamp="01 Aug 2019 07:18:42 GMT" skipped="0">
  <testcase classname="com.testautomation.TestRunner.TestRunner" name="feature" time="48.580"/>
</testsuite> <!-- com.testautomation.TestRunner.TestRunner -->
