<?xml version="1.0" encoding="UTF-8"?>
<!-- Generated by org.testng.reporters.JUnitReportReporter -->
<testsuite hostname="LAPTOP-RS4KINJ1" failures="0" tests="1" name="com.testautomation.TestRunner.TestRunner" time="96.406" errors="0" timestamp="08 Aug 2019 10:02:52 GMT" skipped="0">
  <testcase classname="com.testautomation.TestRunner.TestRunner" name="feature" time="96.406"/>
</testsuite> <!-- com.testautomation.TestRunner.TestRunner -->
